<?xml version="1.0" encoding="UTF-8"?>
<testng-results ignored="0" total="1" passed="1" failed="0" skipped="0">
  <reporter-output>
  </reporter-output>
  <suite started-at="2020-02-17T13:05:41 CST" name="Default suite" finished-at="2020-02-17T13:07:12 CST" duration-ms="90604">
    <groups>
    </groups>
    <test started-at="2020-02-17T13:05:41 CST" name="Default test" finished-at="2020-02-17T13:07:12 CST" duration-ms="90604">
      <class name="com.Wizeline.QAA.MasterWZ.Master">
        <test-method is-config="true" signature="initiateReporting()[pri:0, instance:com.Wizeline.QAA.MasterWZ.Master@3059cbc]" started-at="2020-02-17T13:05:40 CST" name="initiateReporting" finished-at="2020-02-17T13:05:41 CST" duration-ms="895" status="PASS">
          <reporter-output>
          </reporter-output>
        </test-method> <!-- initiateReporting -->
        <test-method signature="launchAndNavigate()[pri:0, instance:com.Wizeline.QAA.MasterWZ.Master@3059cbc]" started-at="2020-02-17T13:05:41 CST" name="launchAndNavigate" finished-at="2020-02-17T13:06:55 CST" duration-ms="73705" status="PASS">
          <reporter-output>
          </reporter-output>
        </test-method> <!-- launchAndNavigate -->
        <test-method is-config="true" signature="tearDown()[pri:0, instance:com.Wizeline.QAA.MasterWZ.Master@3059cbc]" started-at="2020-02-17T13:06:55 CST" name="tearDown" finished-at="2020-02-17T13:07:12 CST" duration-ms="16514" status="PASS">
          <reporter-output>
          </reporter-output>
        </test-method> <!-- tearDown -->
        <test-method is-config="true" signature="flushReport()[pri:0, instance:com.Wizeline.QAA.MasterWZ.Master@3059cbc]" started-at="2020-02-17T13:07:12 CST" name="flushReport" finished-at="2020-02-17T13:07:14 CST" duration-ms="1949" status="PASS">
          <reporter-output>
          </reporter-output>
        </test-method> <!-- flushReport -->
      </class> <!-- com.Wizeline.QAA.MasterWZ.Master -->
    </test> <!-- Default test -->
  </suite> <!-- Default suite -->
</testng-results>
